<?xml version="1.0" encoding="UTF-8"?>
<!-- Generated by org.testng.reporters.JUnitXMLReporter -->
<testsuite ignored="0" hostname="DESKTOP-IG4AEFV" failures="0" tests="1" name="Test-2" time="15.029" errors="0" timestamp="2023-08-10T12:26:28 IST">
  <testcase classname="browserstacktest.Cloud" name="testsite" time="13.487"/>
</testsuite> <!-- Test-2 -->
