<?xml version="1.0" encoding="UTF-8"?>
<!-- Generated by org.testng.reporters.JUnitXMLReporter -->
<testsuite ignored="0" hostname="DESKTOP-IG4AEFV" failures="0" tests="1" name="Test-1" time="22.945" errors="0" timestamp="2023-08-10T12:26:36 IST">
  <testcase classname="browserstacktest.Cloud" name="testsite" time="21.351"/>
</testsuite> <!-- Test-1 -->
