<?xml version="1.0" encoding="UTF-8"?>
<!-- Generated by org.testng.reporters.JUnitReportReporter -->
<testsuite hostname="DESKTOP-IG4AEFV" failures="0" tests="3" name="browserstacktest.Cloud" time="48.607" errors="0" timestamp="2023-08-10T12:26:36 IST" skipped="0">
  <testcase classname="browserstacktest.Cloud" name="testsite" time="21.351"/>
  <testcase classname="browserstacktest.Cloud" name="testsite" time="13.769"/>
  <testcase classname="browserstacktest.Cloud" name="testsite" time="13.487"/>
</testsuite> <!-- browserstacktest.Cloud -->
